20170225183415
$ git clone "https://spqa:anhminhhehe7565775@github.com/spqa/eduma.git" "/home/www/eduma/production/releases/20170225184139" --branch="master" --depth="1"
git clone "https://spqa:anhminhhehe7565775@github.com/spqa/eduma.git" "/home/www/eduma/production/releases/20170225184139" --branch="master" --depth="1"
Cloning into '/home/www/eduma/production/releases/20170225184139'...
$ cd /home/www/eduma/production/releases/20170225184139
$ git submodule update --init --recursive
cd /home/www/eduma/production/releases/20170225184139
git submodule update --init --recursive

which: no bundle in (/usr/local/sbin:/usr/local/bin:/usr/sbin:/usr/bin)
/usr/bin/composer
$ cd /home/www/eduma/production/releases/20170225184139
$ /usr/bin/composer install --no-interaction --no-dev --prefer-dist
cd /home/www/eduma/production/releases/20170225184139
/usr/bin/composer install --no-interaction --no-dev --prefer-dist
PHP Warning:  Module 'zip' already loaded in Unknown on line 0
Do not run Composer as root/super user! See https://getcomposer.org/root for details
Loading composer repositories with package information
Installing dependencies from lock file
Package operations: 45 installs, 0 updates, 0 removals
  - Installing symfony/finder (v3.2.3) Loading from cache
  - Installing symfony/polyfill-mbstring (v1.3.0) Loading from cache
  - Installing symfony/var-dumper (v3.2.3) Loading from cache
  - Installing psr/log (1.0.2) Loading from cache
  - Installing maximebf/debugbar (1.13.1) Loading from cache
  - Installing vlucas/phpdotenv (v2.4.0) Loading from cache
  - Installing symfony/css-selector (v3.2.3) Loading from cache
  - Installing tijsverkoyen/css-to-inline-styles (2.2.0) Loading from cache
  - Installing symfony/routing (v3.2.3) Loading from cache
  - Installing symfony/process (v3.2.3) Loading from cache
  - Installing symfony/http-foundation (v3.2.3) Loading from cache
  - Installing symfony/event-dispatcher (v3.2.3) Loading from cache
  - Installing symfony/debug (v3.2.3) Loading from cache
  - Installing symfony/http-kernel (v3.2.3) Loading from cache
  - Installing symfony/console (v3.2.3) Loading from cache
  - Installing swiftmailer/swiftmailer (v5.4.6) Loading from cache
  - Installing paragonie/random_compat (v2.0.4) Loading from cache
  - Installing ramsey/uuid (3.5.2) Loading from cache
  - Installing symfony/translation (v3.2.3) Loading from cache
  - Installing nesbot/carbon (1.22.1) Loading from cache
  - Installing mtdowling/cron-expression (v1.2.0) Loading from cache
  - Installing monolog/monolog (1.22.0) Loading from cache
  - Installing league/flysystem (1.0.35) Loading from cache
  - Installing erusev/parsedown (1.6.1) Loading from cache
  - Installing doctrine/inflector (v1.1.0) Loading from cache
  - Installing laravel/framework (v5.4.11) Loading from cache
  - Installing barryvdh/laravel-debugbar (v2.3.2) Loading from cache
  - Installing google/recaptcha (1.1.2) Loading from cache
  - Installing guzzlehttp/promises (v1.3.1) Loading from cache
  - Installing psr/http-message (1.0.1) Loading from cache
  - Installing guzzlehttp/psr7 (1.3.1) Loading from cache
  - Installing intervention/image (2.3.11) Loading from cache
  - Installing jakub-onderka/php-console-color (0.1) Loading from cache
  - Installing guzzlehttp/guzzle (6.2.2) Loading from cache
  - Installing league/oauth1-client (1.7.0) Loading from cache
  - Installing laravel/socialite (v2.0.20) Loading from cache
  - Installing nikic/php-parser (v3.0.4) Loading from cache
  - Installing jakub-onderka/php-console-highlighter (v0.3.2) Loading from cache
  - Installing dnoegel/php-xdg-base-dir (0.1) Loading from cache
  - Installing psy/psysh (v0.8.1) Loading from cache
  - Installing laravel/tinker (v1.0.0) Loading from cache
  - Installing nicolaslopezj/searchable (1.9.5) Loading from cache
  - Installing predis/predis (v1.1.1) Loading from cache
  - Installing roumen/sitemap (v2.6.5) Loading from cache
  - Installing sunra/php-simple-html-dom-parser (v1.5.2) Loading from cache
Generating autoload files
> Illuminate\Foundation\ComposerScripts::postInstall
> php artisan optimize
PHP Warning:  Module 'zip' already loaded in Unknown on line 0
Generating optimized class loader
The compiled services file has been removed.
which: no npm in (/usr/local/sbin:/usr/local/bin:/usr/sbin:/usr/bin)
$ cd /home/www/eduma/production/releases/20170225184139
$ npm install
cd /home/www/eduma/production/releases/20170225184139
npm install
bash: npm: command not found
which: no bower in (/usr/local/sbin:/usr/local/bin:/usr/sbin:/usr/bin)
which: no bower in (/home/www/eduma/production/releases/20170225184139/node_modules/.bin)
$ cd /home/www/eduma/production/releases/20170225184139
$ chmod -R 755 /home/www/eduma/production/releases/20170225184139/app/database/production.sqlite
$ chmod -R g+s /home/www/eduma/production/releases/20170225184139/app/database/production.sqlite
$ chown -R www-data:www-data /home/www/eduma/production/releases/20170225184139/app/database/production.sqlite
cd /home/www/eduma/production/releases/20170225184139
chmod -R 755 /home/www/eduma/production/releases/20170225184139/app/database/production.sqlite
chmod -R g+s /home/www/eduma/production/releases/20170225184139/app/database/production.sqlite
chown -R www-data:www-data /home/www/eduma/production/releases/20170225184139/app/database/production.sqlite
chmod: cannot access ‘/home/www/eduma/production/releases/20170225184139/app/database/production.sqlite’: No such file or directory
$ cd /home/www/eduma/production/releases/20170225184139
$ chmod -R 755 /home/www/eduma/production/releases/20170225184139/storage
$ chmod -R g+s /home/www/eduma/production/releases/20170225184139/storage
$ chown -R www-data:www-data /home/www/eduma/production/releases/20170225184139/storage
cd /home/www/eduma/production/releases/20170225184139
chmod -R 755 /home/www/eduma/production/releases/20170225184139/storage
chmod -R g+s /home/www/eduma/production/releases/20170225184139/storage
chown -R www-data:www-data /home/www/eduma/production/releases/20170225184139/storage
chown: invalid user: ‘www-data:www-data’
$ cd /home/www/eduma/production/releases/20170225184139
$ chmod -R 755 /home/www/eduma/production/releases/20170225184139/public
$ chmod -R g+s /home/www/eduma/production/releases/20170225184139/public
$ chown -R www-data:www-data /home/www/eduma/production/releases/20170225184139/public
cd /home/www/eduma/production/releases/20170225184139
chmod -R 755 /home/www/eduma/production/releases/20170225184139/public
chmod -R g+s /home/www/eduma/production/releases/20170225184139/public
chown -R www-data:www-data /home/www/eduma/production/releases/20170225184139/public
chown: invalid user: ‘www-data:www-data’
$ rm -rf /home/www/eduma/production/releases/20170225184139/storage/logs
rm -rf /home/www/eduma/production/releases/20170225184139/storage/logs

$ ln -s /home/www/eduma/production/shared/storage/logs /home/www/eduma/production/releases/20170225184139/storage/logs
ln -s /home/www/eduma/production/shared/storage/logs /home/www/eduma/production/releases/20170225184139/storage/logs

$ ln -s /home/www/eduma/production/shared/.env /home/www/eduma/production/releases/20170225184139/.env
ln -s /home/www/eduma/production/shared/.env /home/www/eduma/production/releases/20170225184139/.env

$ rm -rf /home/www/eduma/production/current
rm -rf /home/www/eduma/production/current

$ ln -s /home/www/eduma/production/releases/20170225184139 /home/www/eduma/production/current
ln -s /home/www/eduma/production/releases/20170225184139 /home/www/eduma/production/current

$ cd /home/www/eduma/production/releases/20170225184139
$ php artisan optimize --env="production"
cd /home/www/eduma/production/releases/20170225184139
php artisan optimize --env="production"
PHP Warning:  Module 'zip' already loaded in Unknown on line 0

                                          
  [InvalidArgumentException]              
  Cache store [memcache] is not defined.
$ cd /home/www/eduma/production/releases/20170225184139
$ php artisan route:cache --env="production"
cd /home/www/eduma/production/releases/20170225184139
php artisan route:cache --env="production"
PHP Warning:  Module 'zip' already loaded in Unknown on line 0

                                          
  [InvalidArgumentException]              
  Cache store [memcache] is not defined.
$ cd /home/www/eduma/production/releases/20170225184139
$ php artisan config:cache --env="production"
cd /home/www/eduma/production/releases/20170225184139
php artisan config:cache --env="production"
PHP Warning:  Module 'zip' already loaded in Unknown on line 0

                                          
  [InvalidArgumentException]              
  Cache store [memcache] is not defined.
|=> Successfully deployed release 20170225184139
$ cd /home/www/eduma/production/releases/20170225184139
$ chown -R nginx:nginx *
cd /home/www/eduma/production/releases/20170225184139
chown -R nginx:nginx *

|=> No releases to prune from the server